#
# There is insufficient memory for the Java Runtime Environment to continue.
# Native memory allocation (mmap) failed to map 268435456 bytes for Failed to commit area from 0x0000000701200000 to 0x0000000711200000 of length 268435456.
# Possible reasons:
#   The system is out of physical RAM or swap space
#   The process is running with CompressedOops enabled, and the Java Heap may be blocking the growth of the native heap
# Possible solutions:
#   Reduce memory load on the system
#   Increase physical memory or swap space
#   Check if swap backing store is full
#   Decrease Java heap size (-Xmx/-Xms)
#   Decrease number of Java threads
#   Decrease Java thread stack sizes (-Xss)
#   Set larger code cache with -XX:ReservedCodeCacheSize=
# This output file may be truncated or incomplete.
#
#  Out of Memory Error (./src/hotspot/os/windows/os_windows.cpp:3386), pid=10596, tid=31864
#
# JRE version:  (11.0.17+8) (build )
# Java VM: OpenJDK 64-Bit Server VM (11.0.17+8, mixed mode, sharing, tiered, compressed oops, g1 gc, windows-amd64)
# No core dump will be written. Minidumps are not enabled by default on client versions of Windows
#

---------------  S U M M A R Y ------------

Command Line: C:\ST\STM32CubeIDE_1.12.0\STM32CubeIDE\plugins\com.st.stm32cube.ide.mcu.ide_2.2.0.202302200949\resources\project_importer\app\cproject_importer.jar --debug C:\Users\sungu\Desktop\jbb3\home_automation_system\.project

Host: Intel(R) Core(TM) i7-8700 CPU @ 3.20GHz, 12 cores, 15G,  Windows 10 , 64 bit Build 19041 (10.0.19041.3155)
Time: Fri Aug  4 10:21:52 2023  Windows 10 , 64 bit Build 19041 (10.0.19041.3155) elapsed time: 0.015258 seconds (0d 0h 0m 0s)

---------------  T H R E A D  ---------------

Current thread (0x0000021cb7d3d800):  JavaThread "Unknown thread" [_thread_in_vm, id=31864, stack(0x000000dcfcb00000,0x000000dcfcc00000)]

Stack: [0x000000dcfcb00000,0x000000dcfcc00000]
Native frames: (J=compiled Java code, j=interpreted, Vv=VM code, C=native code)
V  [jvm.dll+0x61f5ba]
V  [jvm.dll+0x7abf79]
V  [jvm.dll+0x7ad668]
V  [jvm.dll+0x7add43]
V  [jvm.dll+0x24fd88]
V  [jvm.dll+0x61c8ca]
V  [jvm.dll+0x611055]
V  [jvm.dll+0x307ccc]
V  [jvm.dll+0x307b52]
V  [jvm.dll+0x30c866]
V  [jvm.dll+0x352caf]
V  [jvm.dll+0x3526e0]
V  [jvm.dll+0x2e4cd8]
V  [jvm.dll+0x2e5e36]
V  [jvm.dll+0x785db7]
V  [jvm.dll+0x78753f]
V  [jvm.dll+0x35fa29]
V  [jvm.dll+0x768d20]
V  [jvm.dll+0x3cd54f]
V  [jvm.dll+0x3cf8e1]
C  [jli.dll+0x5207]
C  [ucrtbase.dll+0x21bb2]
C  [KERNEL32.DLL+0x17614]
C  [ntdll.dll+0x526b1]


---------------  P R O C E S S  ---------------

Threads class SMR info:
_java_thread_list=0x0000021cb5be1080, length=0, elements={
}

Java Threads: ( => current thread )

Other Threads:
  0x0000021cb7d54800 GCTaskThread "GC Thread#0" [stack: 0x000000dcfcc00000,0x000000dcfcd00000] [id=6772]
  0x0000021cb7db4000 ConcurrentGCThread "G1 Main Marker" [stack: 0x000000dcfcd00000,0x000000dcfce00000] [id=33376]
  0x0000021cb7db6800 ConcurrentGCThread "G1 Conc#0" [stack: 0x000000dcfce00000,0x000000dcfcf00000] [id=33288]

[error occurred during error reporting (printing all threads), id 0xc0000005, EXCEPTION_ACCESS_VIOLATION (0xc0000005) at pc=0x00007ffeb4ec44a7]

VM state:not at safepoint (not fully initialized)

VM Mutex/Monitor currently owned by a thread:  ([mutex/lock_event])
[0x0000021cb7d3b370] Heap_lock - owner thread: 0x0000021cb7d3d800

Heap address: 0x0000000701200000, size: 4078 MB, Compressed Oops mode: Non-zero based: 0x0000000701200000
Narrow klass base: 0x0000000000000000, Narrow klass shift: 0

GC Heap History (0 events):
No events

Deoptimization events (0 events):
No events

Classes redefined (0 events):
No events

Internal exceptions (0 events):
No events

Events (1 events):
Event: 0.012 Loaded shared library C:\ST\STM32CubeIDE_1.12.0\STM32CubeIDE\plugins\com.st.stm32cube.ide.jre.win64_2.4.100.202301160955\jre\bin\zip.dll


Dynamic libraries:
0x00007ff6cc9a0000 - 0x00007ff6cc9ad000 	C:\ST\STM32CubeIDE_1.12.0\STM32CubeIDE\plugins\com.st.stm32cube.ide.jre.win64_2.4.100.202301160955\jre\bin\javaw.exe
0x00007ffef8e30000 - 0x00007ffef9028000 	C:\WINDOWS\SYSTEM32\ntdll.dll
0x00007ffef76d0000 - 0x00007ffef778f000 	C:\WINDOWS\System32\KERNEL32.DLL
0x00007ffef6a80000 - 0x00007ffef6d76000 	C:\WINDOWS\System32\KERNELBASE.dll
0x00007ffef6980000 - 0x00007ffef6a80000 	C:\WINDOWS\System32\ucrtbase.dll
0x00007ffee7b60000 - 0x00007ffee7b77000 	C:\ST\STM32CubeIDE_1.12.0\STM32CubeIDE\plugins\com.st.stm32cube.ide.jre.win64_2.4.100.202301160955\jre\bin\jli.dll
0x00007ffee7580000 - 0x00007ffee7595000 	C:\ST\STM32CubeIDE_1.12.0\STM32CubeIDE\plugins\com.st.stm32cube.ide.jre.win64_2.4.100.202301160955\jre\bin\VCRUNTIME140.dll
0x00007ffef7aa0000 - 0x00007ffef7c3d000 	C:\WINDOWS\System32\USER32.dll
0x00007ffef6950000 - 0x00007ffef6972000 	C:\WINDOWS\System32\win32u.dll
0x00007ffef70a0000 - 0x00007ffef70cc000 	C:\WINDOWS\System32\GDI32.dll
0x00007ffef6610000 - 0x00007ffef6725000 	C:\WINDOWS\System32\gdi32full.dll
0x00007ffef6d80000 - 0x00007ffef6e1d000 	C:\WINDOWS\System32\msvcp_win.dll
0x00007ffee9c40000 - 0x00007ffee9eda000 	C:\WINDOWS\WinSxS\amd64_microsoft.windows.common-controls_6595b64144ccf1df_6.0.19041.1110_none_60b5254171f9507e\COMCTL32.dll
0x00007ffef88d0000 - 0x00007ffef896e000 	C:\WINDOWS\System32\msvcrt.dll
0x00007ffef7640000 - 0x00007ffef7670000 	C:\WINDOWS\System32\IMM32.DLL
0x00007ffec7cb0000 - 0x00007ffec7d4b000 	C:\ST\STM32CubeIDE_1.12.0\STM32CubeIDE\plugins\com.st.stm32cube.ide.jre.win64_2.4.100.202301160955\jre\bin\msvcp140.dll
0x00007ffeb4bd0000 - 0x00007ffeb5752000 	C:\ST\STM32CubeIDE_1.12.0\STM32CubeIDE\plugins\com.st.stm32cube.ide.jre.win64_2.4.100.202301160955\jre\bin\server\jvm.dll
0x00007ffef79e0000 - 0x00007ffef7a8f000 	C:\WINDOWS\System32\ADVAPI32.dll
0x00007ffef7790000 - 0x00007ffef782c000 	C:\WINDOWS\System32\sechost.dll
0x00007ffef8cc0000 - 0x00007ffef8de6000 	C:\WINDOWS\System32\RPCRT4.dll
0x00007ffef8cb0000 - 0x00007ffef8cb8000 	C:\WINDOWS\System32\PSAPI.DLL
0x00007ffeeb690000 - 0x00007ffeeb6b7000 	C:\WINDOWS\SYSTEM32\WINMM.dll
0x00007ffeeed30000 - 0x00007ffeeed3a000 	C:\WINDOWS\SYSTEM32\VERSION.dll
0x00007ffede130000 - 0x00007ffede139000 	C:\WINDOWS\SYSTEM32\WSOCK32.dll
0x00007ffef7180000 - 0x00007ffef71eb000 	C:\WINDOWS\System32\WS2_32.dll
0x00007ffef43e0000 - 0x00007ffef43f2000 	C:\WINDOWS\SYSTEM32\kernel.appcore.dll
0x00007ffeee910000 - 0x00007ffeee920000 	C:\ST\STM32CubeIDE_1.12.0\STM32CubeIDE\plugins\com.st.stm32cube.ide.jre.win64_2.4.100.202301160955\jre\bin\verify.dll
0x00007ffeeb380000 - 0x00007ffeeb564000 	C:\WINDOWS\SYSTEM32\DBGHELP.DLL
0x00007ffedc550000 - 0x00007ffedc584000 	C:\WINDOWS\SYSTEM32\dbgcore.DLL
0x00007ffef6730000 - 0x00007ffef67b2000 	C:\WINDOWS\System32\bcryptPrimitives.dll
0x00007ffed2250000 - 0x00007ffed2278000 	C:\ST\STM32CubeIDE_1.12.0\STM32CubeIDE\plugins\com.st.stm32cube.ide.jre.win64_2.4.100.202301160955\jre\bin\java.dll
0x00007ffeee720000 - 0x00007ffeee72a000 	C:\ST\STM32CubeIDE_1.12.0\STM32CubeIDE\plugins\com.st.stm32cube.ide.jre.win64_2.4.100.202301160955\jre\bin\jimage.dll
0x00007ffedc1e0000 - 0x00007ffedc1f8000 	C:\ST\STM32CubeIDE_1.12.0\STM32CubeIDE\plugins\com.st.stm32cube.ide.jre.win64_2.4.100.202301160955\jre\bin\zip.dll

dbghelp: loaded successfully - version: 4.0.5 - missing functions: none
symbol engine: initialized successfully - sym options: 0x614 - pdb path: .;C:\ST\STM32CubeIDE_1.12.0\STM32CubeIDE\plugins\com.st.stm32cube.ide.jre.win64_2.4.100.202301160955\jre\bin;C:\WINDOWS\SYSTEM32;C:\WINDOWS\WinSxS\amd64_microsoft.windows.common-controls_6595b64144ccf1df_6.0.19041.1110_none_60b5254171f9507e;C:\ST\STM32CubeIDE_1.12.0\STM32CubeIDE\plugins\com.st.stm32cube.ide.jre.win64_2.4.100.202301160955\jre\bin\server

VM Arguments:
java_command: C:\ST\STM32CubeIDE_1.12.0\STM32CubeIDE\plugins\com.st.stm32cube.ide.mcu.ide_2.2.0.202302200949\resources\project_importer\app\cproject_importer.jar --debug C:\Users\sungu\Desktop\jbb3\home_automation_system\.project
java_class_path (initial): C:\ST\STM32CubeIDE_1.12.0\STM32CubeIDE\plugins\com.st.stm32cube.ide.mcu.ide_2.2.0.202302200949\resources\project_importer\app\cproject_importer.jar
Launcher Type: SUN_STANDARD

[Global flags]
     intx CICompilerCount                          = 4                                         {product} {ergonomic}
     uint ConcGCThreads                            = 3                                         {product} {ergonomic}
     uint G1ConcRefinementThreads                  = 10                                        {product} {ergonomic}
   size_t G1HeapRegionSize                         = 1048576                                   {product} {ergonomic}
    uintx GCDrainStackTargetSize                   = 64                                        {product} {ergonomic}
   size_t InitialHeapSize                          = 268435456                                 {product} {ergonomic}
   size_t MarkStackSize                            = 4194304                                   {product} {ergonomic}
   size_t MaxHeapSize                              = 4276092928                                {product} {ergonomic}
   size_t MinHeapDeltaBytes                        = 1048576                                   {product} {ergonomic}
    uintx NonNMethodCodeHeapSize                   = 5836300                                {pd product} {ergonomic}
    uintx NonProfiledCodeHeapSize                  = 122910970                              {pd product} {ergonomic}
    uintx ProfiledCodeHeapSize                     = 122910970                              {pd product} {ergonomic}
    uintx ReservedCodeCacheSize                    = 251658240                              {pd product} {ergonomic}
     bool SegmentedCodeCache                       = true                                      {product} {ergonomic}
     bool UseCompressedClassPointers               = true                                 {lp64_product} {ergonomic}
     bool UseCompressedOops                        = true                                 {lp64_product} {ergonomic}
     bool UseG1GC                                  = true                                      {product} {ergonomic}
     bool UseLargePagesIndividualAllocation        = false                                  {pd product} {ergonomic}

Logging:
Log output configuration:
 #0: stdout all=warning uptime,level,tags
 #1: stderr all=off uptime,level,tags

Environment Variables:
PATH=C:\Program Files (x86)\NVIDIA Corporation\PhysX\Common;C:\Program Files (x86)\Common Files\Oracle\Java\javapath;"C:\Program Files (x86)\Common Files\Oracle\Java\javapath;";"C:\WINDOWS\system32;"C:\WINDOWS;"C:\WINDOWS\System32\Wbem;"C:\WINDOWS\System32\WindowsPowerShell\v1.0\;"C:\WINDOWS\System32\OpenSSH\;"C:\Program Files (x86)\Tesseract-OCR;C:\Program Files\NVIDIA Corporation\NVIDIA NvDLISR;C:\WINDOWS\system32;;C:\WINDOWS;C:\WINDOWS\System32\Wbem;C:\WINDOWS\System32\WindowsPowerShell\v1.0\;C:\WINDOWS\System32\OpenSSH\;C:\Cadence\SPB_16.6\tools\specctra\bin;C:\Cadence\SPB_16.6\tools\pspice;C:\Cadence\SPB_16.6\tools\capture;C:\Cadence\SPB_16.6\tools\fet\bin;C:\Cadence\SPB_16.6\openaccess\bin\win32\opt;C:\Cadence\SPB_16.6\tools\bin;C:\Cadence\SPB_16.6\tools\pcb\bin;C:\Program Files\Microsoft SQL Server\120\Tools\Binn\;C:\Program Files (x86)\Tesseract-OCR;;C:\Users\sungu\AppData\Local\Microsoft\WindowsApps
USERNAME=Arm
TMPDIR=C:\Users\Public\Documents\ESTsoft\CreatorTemp
OS=Windows_NT
PROCESSOR_IDENTIFIER=Intel64 Family 6 Model 158 Stepping 10, GenuineIntel
TMP=C:\Temp
TEMP=C:\Temp



---------------  S Y S T E M  ---------------

OS: Windows 10 , 64 bit Build 19041 (10.0.19041.3155)
OS uptime: 0 days 23:43 hours

CPU:total 12 (initial active 12) (6 cores per cpu, 2 threads per core) family 6 model 158 stepping 10 microcode 0xb4, cmov, cx8, fxsr, mmx, sse, sse2, sse3, ssse3, sse4.1, sse4.2, popcnt, avx, avx2, aes, clmul, erms, rtm, 3dnowpref, lzcnt, ht, tsc, tscinvbit, bmi1, bmi2, adx, fma

Memory: 4k page, system-wide physical 16308M (909M free)
TotalPageFile size 45976M (AvailPageFile size 165M)
current process WorkingSet (physical memory assigned to process): 10M, peak: 10M
current process commit charge ("private bytes"): 64M, peak: 320M

vm_info: OpenJDK 64-Bit Server VM (11.0.17+8) for windows-amd64 JRE (11.0.17+8), built on Oct 19 2022 00:04:05 by "" with MS VC++ 15.9 (VS2017)

END.
